{"/home/anton/projects/technopark/calculator/index.js":{"path":"/home/anton/projects/technopark/calculator/index.js","s":{"1":1,"2":1,"3":3,"4":4,"5":5,"6":3,"7":16,"8":16,"9":4,"10":12,"11":16,"12":49,"13":16,"14":1,"15":15,"16":15,"17":11,"18":99,"19":17,"20":13,"21":13,"22":4,"23":2,"24":4,"25":16,"26":16,"27":16,"28":16,"29":52,"30":2,"31":50,"32":31,"33":19,"34":2,"35":17,"36":12,"37":14,"38":12,"39":1},"b":{"1":[4,12],"2":[16,33],"3":[1,15],"4":[13,4],"5":[2,50],"6":[52,5],"7":[31,19],"8":[2,17]},"f":{"1":1,"2":16,"3":99,"4":17,"5":16},"fnMap":{"1":{"name":"(anonymous_1)","line":4,"loc":{"start":{"line":4,"column":15},"end":{"line":4,"column":18}}},"2":{"name":"(anonymous_2)","line":20,"loc":{"start":{"line":20,"column":13},"end":{"line":20,"column":19}}},"3":{"name":"(anonymous_3)","line":42,"loc":{"start":{"line":42,"column":11},"end":{"line":42,"column":17}}},"4":{"name":"(anonymous_4)","line":46,"loc":{"start":{"line":46,"column":15},"end":{"line":46,"column":40}}},"5":{"name":"(anonymous_5)","line":59,"loc":{"start":{"line":59,"column":13},"end":{"line":59,"column":21}}}},"statementMap":{"1":{"start":{"line":5,"column":8},"end":{"line":10,"column":10}},"2":{"start":{"line":12,"column":8},"end":{"line":17,"column":10}},"3":{"start":{"line":13,"column":27},"end":{"line":13,"column":32}},"4":{"start":{"line":14,"column":27},"end":{"line":14,"column":32}},"5":{"start":{"line":15,"column":27},"end":{"line":15,"column":32}},"6":{"start":{"line":16,"column":27},"end":{"line":16,"column":32}},"7":{"start":{"line":21,"column":8},"end":{"line":21,"column":41}},"8":{"start":{"line":23,"column":8},"end":{"line":25,"column":9}},"9":{"start":{"line":24,"column":12},"end":{"line":24,"column":24}},"10":{"start":{"line":27,"column":8},"end":{"line":38,"column":9}},"11":{"start":{"line":28,"column":12},"end":{"line":37,"column":13}},"12":{"start":{"line":29,"column":16},"end":{"line":36,"column":17}},"13":{"start":{"line":30,"column":20},"end":{"line":32,"column":21}},"14":{"start":{"line":31,"column":24},"end":{"line":31,"column":38}},"15":{"start":{"line":34,"column":20},"end":{"line":34,"column":103}},"16":{"start":{"line":35,"column":20},"end":{"line":35,"column":26}},"17":{"start":{"line":39,"column":8},"end":{"line":39,"column":20}},"18":{"start":{"line":43,"column":8},"end":{"line":43,"column":38}},"19":{"start":{"line":47,"column":8},"end":{"line":50,"column":9}},"20":{"start":{"line":48,"column":12},"end":{"line":48,"column":32}},"21":{"start":{"line":49,"column":12},"end":{"line":49,"column":19}},"22":{"start":{"line":52,"column":8},"end":{"line":54,"column":9}},"23":{"start":{"line":53,"column":12},"end":{"line":53,"column":37}},"24":{"start":{"line":56,"column":8},"end":{"line":56,"column":28}},"25":{"start":{"line":60,"column":8},"end":{"line":60,"column":26}},"26":{"start":{"line":61,"column":8},"end":{"line":61,"column":25}},"27":{"start":{"line":63,"column":8},"end":{"line":63,"column":33}},"28":{"start":{"line":65,"column":8},"end":{"line":79,"column":9}},"29":{"start":{"line":66,"column":12},"end":{"line":68,"column":13}},"30":{"start":{"line":67,"column":16},"end":{"line":67,"column":30}},"31":{"start":{"line":70,"column":12},"end":{"line":78,"column":13}},"32":{"start":{"line":71,"column":16},"end":{"line":71,"column":37}},"33":{"start":{"line":73,"column":16},"end":{"line":75,"column":17}},"34":{"start":{"line":74,"column":20},"end":{"line":74,"column":35}},"35":{"start":{"line":77,"column":16},"end":{"line":77,"column":58}},"36":{"start":{"line":81,"column":8},"end":{"line":83,"column":9}},"37":{"start":{"line":82,"column":12},"end":{"line":82,"column":37}},"38":{"start":{"line":85,"column":8},"end":{"line":85,"column":22}},"39":{"start":{"line":89,"column":0},"end":{"line":89,"column":32}}},"branchMap":{"1":{"line":23,"type":"if","locations":[{"start":{"line":23,"column":8},"end":{"line":23,"column":8}},{"start":{"line":23,"column":8},"end":{"line":23,"column":8}}]},"2":{"line":29,"type":"if","locations":[{"start":{"line":29,"column":16},"end":{"line":29,"column":16}},{"start":{"line":29,"column":16},"end":{"line":29,"column":16}}]},"3":{"line":30,"type":"if","locations":[{"start":{"line":30,"column":20},"end":{"line":30,"column":20}},{"start":{"line":30,"column":20},"end":{"line":30,"column":20}}]},"4":{"line":47,"type":"if","locations":[{"start":{"line":47,"column":8},"end":{"line":47,"column":8}},{"start":{"line":47,"column":8},"end":{"line":47,"column":8}}]},"5":{"line":66,"type":"if","locations":[{"start":{"line":66,"column":12},"end":{"line":66,"column":12}},{"start":{"line":66,"column":12},"end":{"line":66,"column":12}}]},"6":{"line":66,"type":"binary-expr","locations":[{"start":{"line":66,"column":16},"end":{"line":66,"column":32}},{"start":{"line":66,"column":36},"end":{"line":66,"column":56}}]},"7":{"line":70,"type":"if","locations":[{"start":{"line":70,"column":12},"end":{"line":70,"column":12}},{"start":{"line":70,"column":12},"end":{"line":70,"column":12}}]},"8":{"line":73,"type":"if","locations":[{"start":{"line":73,"column":16},"end":{"line":73,"column":16}},{"start":{"line":73,"column":16},"end":{"line":73,"column":16}}]}}}}