TN:
SF:/home/anton/projects/technopark/calculator/index.js
FN:4,(anonymous_1)
FN:20,(anonymous_2)
FN:42,(anonymous_3)
FN:46,(anonymous_4)
FN:59,(anonymous_5)
FNF:5
FNH:5
FNDA:1,(anonymous_1)
FNDA:16,(anonymous_2)
FNDA:99,(anonymous_3)
FNDA:17,(anonymous_4)
FNDA:16,(anonymous_5)
DA:5,1
DA:12,1
DA:13,3
DA:14,4
DA:15,5
DA:16,3
DA:21,16
DA:23,16
DA:24,4
DA:27,12
DA:28,16
DA:29,49
DA:30,16
DA:31,1
DA:34,15
DA:35,15
DA:39,11
DA:43,99
DA:47,17
DA:48,13
DA:49,13
DA:52,4
DA:53,2
DA:56,4
DA:60,16
DA:61,16
DA:63,16
DA:65,16
DA:66,52
DA:67,2
DA:70,50
DA:71,31
DA:73,19
DA:74,2
DA:77,17
DA:81,12
DA:82,14
DA:85,12
DA:89,1
LF:39
LH:39
BRDA:23,1,0,4
BRDA:23,1,1,12
BRDA:29,2,0,16
BRDA:29,2,1,33
BRDA:30,3,0,1
BRDA:30,3,1,15
BRDA:47,4,0,13
BRDA:47,4,1,4
BRDA:66,5,0,2
BRDA:66,5,1,50
BRDA:66,6,0,52
BRDA:66,6,1,5
BRDA:70,7,0,31
BRDA:70,7,1,19
BRDA:73,8,0,2
BRDA:73,8,1,17
BRF:16
BRH:16
end_of_record
